[debug] [2022-03-22T18:52:17.559Z] ----------------------------------------------------------------------
[debug] [2022-03-22T18:52:17.561Z] Command:       C:\Program Files\nodejs\node.exe C:\Users\mathe\AppData\Roaming\npm\node_modules\firebase-tools\lib\bin\firebase.js deploy
[debug] [2022-03-22T18:52:17.562Z] CLI Version:   8.15.0
[debug] [2022-03-22T18:52:17.562Z] Platform:      win32
[debug] [2022-03-22T18:52:17.562Z] Node Version:  v17.3.0
[debug] [2022-03-22T18:52:17.563Z] Time:          Tue Mar 22 2022 19:52:17 GMT+0100 (Central European Standard Time)
[debug] [2022-03-22T18:52:17.564Z] ----------------------------------------------------------------------
[debug] [2022-03-22T18:52:17.564Z] 
[debug] [2022-03-22T18:52:17.577Z] > command requires scopes: ["email","openid","https://www.googleapis.com/auth/cloudplatformprojects.readonly","https://www.googleapis.com/auth/firebase","https://www.googleapis.com/auth/cloud-platform"]
[debug] [2022-03-22T18:52:17.578Z] > authorizing via signed-in user
[debug] [2022-03-22T18:52:17.579Z] [iam] checking project red-flags-v2 for permissions ["datastore.indexes.create","datastore.indexes.delete","datastore.indexes.list","datastore.indexes.update","firebase.projects.get","firebasedatabase.instances.update","firebasehosting.sites.update"]
[debug] [2022-03-22T18:52:17.582Z] > refreshing access token with scopes: ["email","https://www.googleapis.com/auth/cloud-platform","https://www.googleapis.com/auth/cloudplatformprojects.readonly","https://www.googleapis.com/auth/firebase","openid"]
[debug] [2022-03-22T18:52:17.582Z] >>> HTTP REQUEST POST https://www.googleapis.com/oauth2/v3/token  
 <request body omitted>
[debug] [2022-03-22T18:52:17.843Z] <<< HTTP RESPONSE 200 {"pragma":"no-cache","cache-control":"no-cache, no-store, max-age=0, must-revalidate","expires":"Mon, 01 Jan 1990 00:00:00 GMT","date":"Tue, 22 Mar 2022 18:52:17 GMT","content-type":"application/json; charset=utf-8","vary":"X-Origin, Referer, Origin,Accept-Encoding","server":"scaffolding on HTTPServer2","x-xss-protection":"0","x-frame-options":"SAMEORIGIN","x-content-type-options":"nosniff","alt-svc":"h3=\":443\"; ma=2592000,h3-29=\":443\"; ma=2592000,h3-Q050=\":443\"; ma=2592000,h3-Q046=\":443\"; ma=2592000,h3-Q043=\":443\"; ma=2592000,quic=\":443\"; ma=2592000; v=\"46,43\"","accept-ranges":"none","transfer-encoding":"chunked"}
[debug] [2022-03-22T18:52:17.860Z] >>> HTTP REQUEST POST https://cloudresourcemanager.googleapis.com/v1/projects/red-flags-v2:testIamPermissions  
 {"permissions":["datastore.indexes.create","datastore.indexes.delete","datastore.indexes.list","datastore.indexes.update","firebase.projects.get","firebasedatabase.instances.update","firebasehosting.sites.update"]}
[debug] [2022-03-22T18:52:18.695Z] <<< HTTP RESPONSE 200 {"content-type":"application/json; charset=UTF-8","vary":"X-Origin, Referer, Origin,Accept-Encoding","date":"Tue, 22 Mar 2022 18:52:18 GMT","server":"ESF","cache-control":"private","x-xss-protection":"0","x-frame-options":"SAMEORIGIN","x-content-type-options":"nosniff","server-timing":"gfet4t7; dur=641","alt-svc":"h3=\":443\"; ma=2592000,h3-29=\":443\"; ma=2592000,h3-Q050=\":443\"; ma=2592000,h3-Q046=\":443\"; ma=2592000,h3-Q043=\":443\"; ma=2592000,quic=\":443\"; ma=2592000; v=\"46,43\"","accept-ranges":"none","transfer-encoding":"chunked"}
[debug] [2022-03-22T18:52:18.701Z] >>> HTTP REQUEST GET https://firebase.googleapis.com/v1beta1/projects/red-flags-v2  
 
[debug] [2022-03-22T18:52:19.026Z] <<< HTTP RESPONSE 200 {"content-type":"application/json; charset=UTF-8","vary":"X-Origin, Referer, Origin,Accept-Encoding","date":"Tue, 22 Mar 2022 18:52:18 GMT","server":"ESF","cache-control":"private","x-xss-protection":"0","x-frame-options":"SAMEORIGIN","x-content-type-options":"nosniff","alt-svc":"h3=\":443\"; ma=2592000,h3-29=\":443\"; ma=2592000,h3-Q050=\":443\"; ma=2592000,h3-Q046=\":443\"; ma=2592000,h3-Q043=\":443\"; ma=2592000,quic=\":443\"; ma=2592000; v=\"46,43\"","accept-ranges":"none","transfer-encoding":"chunked"}
[debug] [2022-03-22T18:52:19.031Z] >>> HTTP REQUEST GET https://firebase.googleapis.com/v1beta1/projects/red-flags-v2  
 
[debug] [2022-03-22T18:52:19.348Z] <<< HTTP RESPONSE 200 {"content-type":"application/json; charset=UTF-8","vary":"X-Origin, Referer, Origin,Accept-Encoding","date":"Tue, 22 Mar 2022 18:52:19 GMT","server":"ESF","cache-control":"private","x-xss-protection":"0","x-frame-options":"SAMEORIGIN","x-content-type-options":"nosniff","alt-svc":"h3=\":443\"; ma=2592000,h3-29=\":443\"; ma=2592000,h3-Q050=\":443\"; ma=2592000,h3-Q046=\":443\"; ma=2592000,h3-Q043=\":443\"; ma=2592000,quic=\":443\"; ma=2592000; v=\"46,43\"","accept-ranges":"none","transfer-encoding":"chunked"}
[info] 
[info] === Deploying to 'red-flags-v2'...
[info] 
[info] i  deploying database, firestore, hosting 
[info] i  database: checking rules syntax... 
[debug] [2022-03-22T18:52:19.367Z] >>> HTTP REQUEST PUT https://red-flags-v2-default-rtdb.firebaseio.com/.settings/rules.json?dryRun=true  
 {
  "rules": {
    ".read": true,
    ".write": true
  }
}
[debug] [2022-03-22T18:52:40.658Z] Error: connect ETIMEDOUT 2600:1901:0:94b6:::443
    at TCPConnectWrap.afterConnect [as oncomplete] (node:net:1157:16)
[error] 
[error] Error: Server Error. connect ETIMEDOUT 2600:1901:0:94b6:::443
